<?xml version="1.0" encoding="UTF-8"?>
<coverage generated="1618754986391" clover="3.2.0">
  <project timestamp="1618754986391" name="All files">
    <metrics statements="220" coveredstatements="168" conditionals="158" coveredconditionals="104" methods="78" coveredmethods="52" elements="456" coveredelements="324" complexity="0" loc="220" ncloc="220" packages="10" files="23" classes="23"/>
    <package name="components.Button">
      <metrics statements="14" coveredstatements="11" conditionals="14" coveredconditionals="13" methods="3" coveredmethods="2"/>
      <file name="Button.js" path="C:\Anna_Loiko\react-js\repo\Local-Movies-API-Service\src\components\Button\Button.js">
        <metrics statements="4" coveredstatements="4" conditionals="8" coveredconditionals="8" methods="1" coveredmethods="1"/>
        <line num="6" count="3" type="stmt"/>
        <line num="7" count="21" type="cond" truecount="6" falsecount="0"/>
        <line num="10" count="21" type="stmt"/>
        <line num="24" count="3" type="stmt"/>
      </file>
      <file name="style.module.css" path="C:\Anna_Loiko\react-js\repo\Local-Movies-API-Service\src\components\Button\style.module.css">
        <metrics statements="10" coveredstatements="7" conditionals="6" coveredconditionals="5" methods="2" coveredmethods="1"/>
        <line num="1" count="3" type="stmt"/>
        <line num="3" count="3" type="cond" truecount="3" falsecount="1"/>
        <line num="4" count="3" type="stmt"/>
        <line num="7" count="3" type="stmt"/>
        <line num="9" count="37" type="cond" truecount="2" falsecount="0"/>
        <line num="10" count="34" type="stmt"/>
        <line num="12" count="3" type="stmt"/>
        <line num="16" count="0" type="stmt"/>
        <line num="20" count="0" type="stmt"/>
        <line num="23" count="0" type="stmt"/>
      </file>
    </package>
    <package name="components.DatePickerField">
      <metrics statements="16" coveredstatements="11" conditionals="9" coveredconditionals="7" methods="5" coveredmethods="2"/>
      <file name="DatePickerField.js" path="C:\Anna_Loiko\react-js\repo\Local-Movies-API-Service\src\components\DatePickerField\DatePickerField.js">
        <metrics statements="6" coveredstatements="4" conditionals="3" coveredconditionals="2" methods="3" coveredmethods="1"/>
        <line num="9" count="1" type="stmt"/>
        <line num="10" count="13" type="stmt"/>
        <line num="11" count="13" type="stmt"/>
        <line num="13" count="13" type="stmt"/>
        <line num="26" count="0" type="stmt"/>
        <line num="29" count="0" type="stmt"/>
      </file>
      <file name="style.module.css" path="C:\Anna_Loiko\react-js\repo\Local-Movies-API-Service\src\components\DatePickerField\style.module.css">
        <metrics statements="10" coveredstatements="7" conditionals="6" coveredconditionals="5" methods="2" coveredmethods="1"/>
        <line num="1" count="1" type="stmt"/>
        <line num="3" count="1" type="cond" truecount="3" falsecount="1"/>
        <line num="4" count="1" type="stmt"/>
        <line num="7" count="1" type="stmt"/>
        <line num="9" count="40" type="cond" truecount="2" falsecount="0"/>
        <line num="10" count="39" type="stmt"/>
        <line num="12" count="1" type="stmt"/>
        <line num="16" count="0" type="stmt"/>
        <line num="20" count="0" type="stmt"/>
        <line num="23" count="0" type="stmt"/>
      </file>
    </package>
    <package name="components.Input">
      <metrics statements="13" coveredstatements="10" conditionals="10" coveredconditionals="8" methods="3" coveredmethods="2"/>
      <file name="Input.js" path="C:\Anna_Loiko\react-js\repo\Local-Movies-API-Service\src\components\Input\Input.js">
        <metrics statements="3" coveredstatements="3" conditionals="4" coveredconditionals="3" methods="1" coveredmethods="1"/>
        <line num="7" count="2" type="stmt"/>
        <line num="8" count="65" type="stmt"/>
        <line num="18" count="2" type="stmt"/>
      </file>
      <file name="style.module.css" path="C:\Anna_Loiko\react-js\repo\Local-Movies-API-Service\src\components\Input\style.module.css">
        <metrics statements="10" coveredstatements="7" conditionals="6" coveredconditionals="5" methods="2" coveredmethods="1"/>
        <line num="1" count="2" type="stmt"/>
        <line num="3" count="2" type="cond" truecount="3" falsecount="1"/>
        <line num="4" count="2" type="stmt"/>
        <line num="7" count="2" type="stmt"/>
        <line num="9" count="119" type="cond" truecount="2" falsecount="0"/>
        <line num="10" count="117" type="stmt"/>
        <line num="12" count="2" type="stmt"/>
        <line num="16" count="0" type="stmt"/>
        <line num="20" count="0" type="stmt"/>
        <line num="23" count="0" type="stmt"/>
      </file>
    </package>
    <package name="components.Layout.Footer">
      <metrics statements="11" coveredstatements="8" conditionals="6" coveredconditionals="5" methods="3" coveredmethods="2"/>
      <file name="Footer.js" path="C:\Anna_Loiko\react-js\repo\Local-Movies-API-Service\src\components\Layout\Footer\Footer.js">
        <metrics statements="1" coveredstatements="1" conditionals="0" coveredconditionals="0" methods="1" coveredmethods="1"/>
        <line num="4" count="1" type="stmt"/>
      </file>
      <file name="style.module.css" path="C:\Anna_Loiko\react-js\repo\Local-Movies-API-Service\src\components\Layout\Footer\style.module.css">
        <metrics statements="10" coveredstatements="7" conditionals="6" coveredconditionals="5" methods="2" coveredmethods="1"/>
        <line num="1" count="1" type="stmt"/>
        <line num="3" count="1" type="cond" truecount="3" falsecount="1"/>
        <line num="4" count="1" type="stmt"/>
        <line num="7" count="1" type="stmt"/>
        <line num="9" count="2" type="cond" truecount="2" falsecount="0"/>
        <line num="10" count="1" type="stmt"/>
        <line num="12" count="1" type="stmt"/>
        <line num="16" count="0" type="stmt"/>
        <line num="20" count="0" type="stmt"/>
        <line num="23" count="0" type="stmt"/>
      </file>
    </package>
    <package name="components.Modal">
      <metrics statements="26" coveredstatements="22" conditionals="14" coveredconditionals="11" methods="8" coveredmethods="7"/>
      <file name="Modal.js" path="C:\Anna_Loiko\react-js\repo\Local-Movies-API-Service\src\components\Modal\Modal.js">
        <metrics statements="16" coveredstatements="15" conditionals="8" coveredconditionals="6" methods="6" coveredmethods="6"/>
        <line num="8" count="2" type="stmt"/>
        <line num="9" count="4" type="stmt"/>
        <line num="11" count="4" type="stmt"/>
        <line num="13" count="4" type="stmt"/>
        <line num="14" count="4" type="cond" truecount="1" falsecount="1"/>
        <line num="15" count="4" type="stmt"/>
        <line num="17" count="4" type="stmt"/>
        <line num="22" count="4" type="stmt"/>
        <line num="23" count="30" type="cond" truecount="1" falsecount="1"/>
        <line num="24" count="0" type="stmt"/>
        <line num="28" count="4" type="stmt"/>
        <line num="29" count="4" type="stmt"/>
        <line num="30" count="4" type="stmt"/>
        <line num="31" count="4" type="stmt"/>
        <line num="36" count="4" type="stmt"/>
        <line num="59" count="2" type="stmt"/>
      </file>
      <file name="style.module.css" path="C:\Anna_Loiko\react-js\repo\Local-Movies-API-Service\src\components\Modal\style.module.css">
        <metrics statements="10" coveredstatements="7" conditionals="6" coveredconditionals="5" methods="2" coveredmethods="1"/>
        <line num="1" count="2" type="stmt"/>
        <line num="3" count="2" type="cond" truecount="3" falsecount="1"/>
        <line num="4" count="2" type="stmt"/>
        <line num="7" count="2" type="stmt"/>
        <line num="9" count="22" type="cond" truecount="2" falsecount="0"/>
        <line num="10" count="20" type="stmt"/>
        <line num="12" count="2" type="stmt"/>
        <line num="16" count="0" type="stmt"/>
        <line num="20" count="0" type="stmt"/>
        <line num="23" count="0" type="stmt"/>
      </file>
    </package>
    <package name="components.MultiSelect">
      <metrics statements="32" coveredstatements="21" conditionals="31" coveredconditionals="19" methods="11" coveredmethods="4"/>
      <file name="MultiSelect.js" path="C:\Anna_Loiko\react-js\repo\Local-Movies-API-Service\src\components\MultiSelect\MultiSelect.js">
        <metrics statements="17" coveredstatements="10" conditionals="23" coveredconditionals="13" methods="7" coveredmethods="2"/>
        <line num="7" count="1" type="stmt"/>
        <line num="8" count="13" type="cond" truecount="0" falsecount="1"/>
        <line num="10" count="13" type="stmt"/>
        <line num="11" count="13" type="cond" truecount="1" falsecount="1"/>
        <line num="13" count="13" type="cond" truecount="1" falsecount="1"/>
        <line num="14" count="13" type="stmt"/>
        <line num="15" count="3" type="cond" truecount="1" falsecount="1"/>
        <line num="16" count="3" type="cond" truecount="1" falsecount="1"/>
        <line num="20" count="0" type="cond" truecount="0" falsecount="2"/>
        <line num="22" count="0" type="stmt"/>
        <line num="24" count="0" type="stmt"/>
        <line num="25" count="0" type="stmt"/>
        <line num="28" count="13" type="stmt"/>
        <line num="36" count="0" type="stmt"/>
        <line num="43" count="0" type="stmt"/>
        <line num="52" count="0" type="stmt"/>
        <line num="65" count="1" type="stmt"/>
      </file>
      <file name="MultiSelectField.js" path="C:\Anna_Loiko\react-js\repo\Local-Movies-API-Service\src\components\MultiSelect\MultiSelectField.js">
        <metrics statements="5" coveredstatements="4" conditionals="2" coveredconditionals="1" methods="2" coveredmethods="1"/>
        <line num="6" count="1" type="stmt"/>
        <line num="7" count="13" type="stmt"/>
        <line num="8" count="13" type="stmt"/>
        <line num="10" count="13" type="stmt"/>
        <line num="16" count="0" type="stmt"/>
      </file>
      <file name="style.module.css" path="C:\Anna_Loiko\react-js\repo\Local-Movies-API-Service\src\components\MultiSelect\style.module.css">
        <metrics statements="10" coveredstatements="7" conditionals="6" coveredconditionals="5" methods="2" coveredmethods="1"/>
        <line num="1" count="1" type="stmt"/>
        <line num="3" count="1" type="cond" truecount="3" falsecount="1"/>
        <line num="4" count="1" type="stmt"/>
        <line num="7" count="1" type="stmt"/>
        <line num="9" count="66" type="cond" truecount="2" falsecount="0"/>
        <line num="10" count="65" type="stmt"/>
        <line num="12" count="1" type="stmt"/>
        <line num="16" count="0" type="stmt"/>
        <line num="20" count="0" type="stmt"/>
        <line num="23" count="0" type="stmt"/>
      </file>
    </package>
    <package name="components.Search">
      <metrics statements="24" coveredstatements="18" conditionals="11" coveredconditionals="6" methods="8" coveredmethods="4"/>
      <file name="Search.js" path="C:\Anna_Loiko\react-js\repo\Local-Movies-API-Service\src\components\Search\Search.js">
        <metrics statements="14" coveredstatements="11" conditionals="5" coveredconditionals="1" methods="6" coveredmethods="3"/>
        <line num="13" count="1" type="stmt"/>
        <line num="14" count="13" type="stmt"/>
        <line num="16" count="13" type="stmt"/>
        <line num="17" count="13" type="stmt"/>
        <line num="19" count="13" type="stmt"/>
        <line num="20" count="0" type="stmt"/>
        <line num="25" count="13" type="stmt"/>
        <line num="26" count="0" type="cond" truecount="0" falsecount="3"/>
        <line num="29" count="13" type="stmt"/>
        <line num="36" count="10" type="stmt"/>
        <line num="46" count="0" type="stmt"/>
        <line num="53" count="1" type="stmt"/>
        <line num="54" count="3" type="stmt"/>
        <line num="59" count="1" type="stmt"/>
      </file>
      <file name="style.module.css" path="C:\Anna_Loiko\react-js\repo\Local-Movies-API-Service\src\components\Search\style.module.css">
        <metrics statements="10" coveredstatements="7" conditionals="6" coveredconditionals="5" methods="2" coveredmethods="1"/>
        <line num="1" count="1" type="stmt"/>
        <line num="3" count="1" type="cond" truecount="3" falsecount="1"/>
        <line num="4" count="1" type="stmt"/>
        <line num="7" count="1" type="stmt"/>
        <line num="9" count="14" type="cond" truecount="2" falsecount="0"/>
        <line num="10" count="13" type="stmt"/>
        <line num="12" count="1" type="stmt"/>
        <line num="16" count="0" type="stmt"/>
        <line num="20" count="0" type="stmt"/>
        <line num="23" count="0" type="stmt"/>
      </file>
    </package>
    <package name="hooks">
      <metrics statements="10" coveredstatements="10" conditionals="2" coveredconditionals="1" methods="4" coveredmethods="4"/>
      <file name="useToggle.js" path="C:\Anna_Loiko\react-js\repo\Local-Movies-API-Service\src\hooks\useToggle.js">
        <metrics statements="5" coveredstatements="5" conditionals="0" coveredconditionals="0" methods="2" coveredmethods="2"/>
        <line num="3" count="2" type="stmt"/>
        <line num="4" count="15" type="stmt"/>
        <line num="6" count="15" type="stmt"/>
        <line num="7" count="1" type="stmt"/>
        <line num="10" count="15" type="stmt"/>
      </file>
      <file name="useUpdateEffect.js" path="C:\Anna_Loiko\react-js\repo\Local-Movies-API-Service\src\hooks\useUpdateEffect.js">
        <metrics statements="5" coveredstatements="5" conditionals="2" coveredconditionals="1" methods="2" coveredmethods="2"/>
        <line num="4" count="13" type="stmt"/>
        <line num="6" count="13" type="stmt"/>
        <line num="7" count="3" type="cond" truecount="1" falsecount="1"/>
        <line num="8" count="3" type="stmt"/>
        <line num="10" count="3" type="stmt"/>
      </file>
    </package>
    <package name="main.MovieAdd">
      <metrics statements="23" coveredstatements="18" conditionals="37" coveredconditionals="19" methods="8" coveredmethods="5"/>
      <file name="MovieAdd.js" path="C:\Anna_Loiko\react-js\repo\Local-Movies-API-Service\src\main\MovieAdd\MovieAdd.js">
        <metrics statements="11" coveredstatements="10" conditionals="31" coveredconditionals="14" methods="5" coveredmethods="4"/>
        <line num="19" count="1" type="stmt"/>
        <line num="26" count="3" type="stmt"/>
        <line num="29" count="3" type="stmt"/>
        <line num="37" count="10" type="stmt"/>
        <line num="55" count="3" type="stmt"/>
        <line num="75" count="0" type="stmt"/>
        <line num="78" count="13" type="stmt"/>
        <line num="164" count="1" type="stmt"/>
        <line num="172" count="1" type="stmt"/>
        <line num="173" count="3" type="stmt"/>
        <line num="179" count="1" type="stmt"/>
      </file>
      <file name="NoticeMovieAdd.js" path="C:\Anna_Loiko\react-js\repo\Local-Movies-API-Service\src\main\MovieAdd\NoticeMovieAdd.js">
        <metrics statements="2" coveredstatements="1" conditionals="0" coveredconditionals="0" methods="1" coveredmethods="0"/>
        <line num="5" count="1" type="stmt"/>
        <line num="6" count="0" type="stmt"/>
      </file>
      <file name="style.module.css" path="C:\Anna_Loiko\react-js\repo\Local-Movies-API-Service\src\main\MovieAdd\style.module.css">
        <metrics statements="10" coveredstatements="7" conditionals="6" coveredconditionals="5" methods="2" coveredmethods="1"/>
        <line num="1" count="1" type="stmt"/>
        <line num="3" count="1" type="cond" truecount="3" falsecount="1"/>
        <line num="4" count="1" type="stmt"/>
        <line num="7" count="1" type="stmt"/>
        <line num="9" count="93" type="cond" truecount="2" falsecount="0"/>
        <line num="10" count="91" type="stmt"/>
        <line num="12" count="2" type="stmt"/>
        <line num="16" count="0" type="stmt"/>
        <line num="20" count="0" type="stmt"/>
        <line num="23" count="0" type="stmt"/>
      </file>
    </package>
    <package name="redux">
      <metrics statements="51" coveredstatements="39" conditionals="24" coveredconditionals="15" methods="25" coveredmethods="20"/>
      <file name="actionTypes.js" path="C:\Anna_Loiko\react-js\repo\Local-Movies-API-Service\src\redux\actionTypes.js">
        <metrics statements="1" coveredstatements="1" conditionals="0" coveredconditionals="0" methods="0" coveredmethods="0"/>
        <line num="1" count="4" type="stmt"/>
      </file>
      <file name="actions.js" path="C:\Anna_Loiko\react-js\repo\Local-Movies-API-Service\src\redux\actions.js">
        <metrics statements="31" coveredstatements="25" conditionals="7" coveredconditionals="6" methods="22" coveredmethods="17"/>
        <line num="6" count="3" type="cond" truecount="1" falsecount="0"/>
        <line num="7" count="1" type="stmt"/>
        <line num="8" count="1" type="stmt"/>
        <line num="10" count="1" type="stmt"/>
        <line num="23" count="1" type="stmt"/>
        <line num="33" count="1" type="stmt"/>
        <line num="36" count="0" type="stmt"/>
        <line num="37" count="0" type="stmt"/>
        <line num="42" count="3" type="stmt"/>
        <line num="43" count="1" type="stmt"/>
        <line num="44" count="1" type="stmt"/>
        <line num="50" count="1" type="stmt"/>
        <line num="56" count="0" type="stmt"/>
        <line num="61" count="3" type="stmt"/>
        <line num="62" count="1" type="stmt"/>
        <line num="63" count="1" type="stmt"/>
        <line num="69" count="1" type="stmt"/>
        <line num="73" count="1" type="stmt"/>
        <line num="76" count="0" type="stmt"/>
        <line num="81" count="3" type="stmt"/>
        <line num="82" count="1" type="stmt"/>
        <line num="83" count="1" type="stmt"/>
        <line num="91" count="1" type="stmt"/>
        <line num="97" count="0" type="stmt"/>
        <line num="102" count="3" type="stmt"/>
        <line num="103" count="1" type="stmt"/>
        <line num="104" count="1" type="stmt"/>
        <line num="112" count="1" type="stmt"/>
        <line num="118" count="0" type="stmt"/>
        <line num="123" count="3" type="stmt"/>
        <line num="125" count="3" type="stmt"/>
      </file>
      <file name="movieReducer.js" path="C:\Anna_Loiko\react-js\repo\Local-Movies-API-Service\src\redux\movieReducer.js">
        <metrics statements="19" coveredstatements="13" conditionals="17" coveredconditionals="9" methods="3" coveredmethods="3"/>
        <line num="3" count="1" type="stmt"/>
        <line num="33" count="1" type="cond" truecount="0" falsecount="1"/>
        <line num="34" count="9" type="cond" truecount="8" falsecount="6"/>
        <line num="37" count="0" type="stmt"/>
        <line num="43" count="1" type="stmt"/>
        <line num="55" count="1" type="stmt"/>
        <line num="61" count="1" type="stmt"/>
        <line num="63" count="1" type="stmt"/>
        <line num="68" count="0" type="stmt"/>
        <line num="74" count="1" type="stmt"/>
        <line num="85" count="0" type="stmt"/>
        <line num="91" count="1" type="stmt"/>
        <line num="97" count="2" type="stmt"/>
        <line num="101" count="2" type="cond" truecount="1" falsecount="1"/>
        <line num="110" count="1" type="stmt"/>
        <line num="116" count="0" type="stmt"/>
        <line num="123" count="0" type="stmt"/>
        <line num="129" count="0" type="stmt"/>
        <line num="135" count="1" type="stmt"/>
      </file>
    </package>
  </project>
</coverage>
