{"C:\\Anna_Loiko\\react-js\\repo\\Local-Movies-API-Service\\src\\components\\Button\\Button.js": {"path":"C:\\Anna_Loiko\\react-js\\repo\\Local-Movies-API-Service\\src\\components\\Button\\Button.js","statementMap":{"0":{"start":{"line":6,"column":15},"end":{"line":21,"column":2}},"1":{"start":{"line":7,"column":142},"end":{"line":7,"column":147}},"2":{"start":{"line":10,"column":2},"end":{"line":20,"column":3}},"3":{"start":{"line":24,"column":0},"end":{"line":30,"column":2}}},"fnMap":{"0":{"name":"(anonymous_0)","decl":{"start":{"line":6,"column":26},"end":{"line":6,"column":27}},"loc":{"start":{"line":6,"column":37},"end":{"line":21,"column":1}},"line":6}},"branchMap":{"0":{"loc":{"start":{"line":7,"column":10},"end":{"line":7,"column":23}},"type":"default-arg","locations":[{"start":{"line":7,"column":17},"end":{"line":7,"column":23}}],"line":7},"1":{"loc":{"start":{"line":7,"column":25},"end":{"line":7,"column":40}},"type":"default-arg","locations":[{"start":{"line":7,"column":32},"end":{"line":7,"column":40}}],"line":7},"2":{"loc":{"start":{"line":7,"column":42},"end":{"line":7,"column":68}},"type":"default-arg","locations":[{"start":{"line":7,"column":54},"end":{"line":7,"column":68}}],"line":7},"3":{"loc":{"start":{"line":7,"column":70},"end":{"line":7,"column":87}},"type":"default-arg","locations":[{"start":{"line":7,"column":85},"end":{"line":7,"column":87}}],"line":7},"4":{"loc":{"start":{"line":7,"column":89},"end":{"line":7,"column":105}},"type":"default-arg","locations":[{"start":{"line":7,"column":100},"end":{"line":7,"column":105}}],"line":7},"5":{"loc":{"start":{"line":7,"column":120},"end":{"line":7,"column":137}},"type":"default-arg","locations":[{"start":{"line":7,"column":132},"end":{"line":7,"column":137}}],"line":7},"6":{"loc":{"start":{"line":13,"column":40},"end":{"line":13,"column":75}},"type":"binary-expr","locations":[{"start":{"line":13,"column":40},"end":{"line":13,"column":52}},{"start":{"line":13,"column":56},"end":{"line":13,"column":75}}],"line":13}},"s":{"0":2,"1":15,"2":15,"3":2},"f":{"0":15},"b":{"0":[2],"1":[2],"2":[2],"3":[2],"4":[15],"5":[15],"6":[15,13]},"_coverageSchema":"1a1c01bbd47fc00a2c39e90264f33305004495a9","hash":"895e95a5d5098631ae5af2a7318f0d6e921c510a"}
,"C:\\Anna_Loiko\\react-js\\repo\\Local-Movies-API-Service\\src\\components\\Button\\style.module.css": {"path":"C:\\Anna_Loiko\\react-js\\repo\\Local-Movies-API-Service\\src\\components\\Button\\style.module.css","statementMap":{"0":{"start":{"line":1,"column":13},"end":{"line":1,"column":130}},"1":{"start":{"line":3,"column":4},"end":{"line":24,"column":5}},"2":{"start":{"line":4,"column":8},"end":{"line":6,"column":11}},"3":{"start":{"line":7,"column":8},"end":{"line":18,"column":11}},"4":{"start":{"line":9,"column":16},"end":{"line":11,"column":17}},"5":{"start":{"line":10,"column":20},"end":{"line":10,"column":34}},"6":{"start":{"line":12,"column":16},"end":{"line":12,"column":36}},"7":{"start":{"line":16,"column":16},"end":{"line":16,"column":30}},"8":{"start":{"line":20,"column":8},"end":{"line":22,"column":11}},"9":{"start":{"line":23,"column":8},"end":{"line":23,"column":31}}},"fnMap":{"0":{"name":"(anonymous_0)","decl":{"start":{"line":8,"column":12},"end":{"line":8,"column":13}},"loc":{"start":{"line":8,"column":30},"end":{"line":13,"column":13}},"line":8},"1":{"name":"(anonymous_1)","decl":{"start":{"line":15,"column":12},"end":{"line":15,"column":13}},"loc":{"start":{"line":15,"column":29},"end":{"line":17,"column":13}},"line":15}},"branchMap":{"0":{"loc":{"start":{"line":3,"column":4},"end":{"line":24,"column":5}},"type":"if","locations":[{"start":{"line":3,"column":4},"end":{"line":24,"column":5}},{"start":{"line":3,"column":4},"end":{"line":24,"column":5}}],"line":3},"1":{"loc":{"start":{"line":3,"column":8},"end":{"line":3,"column":44}},"type":"binary-expr","locations":[{"start":{"line":3,"column":8},"end":{"line":3,"column":34}},{"start":{"line":3,"column":38},"end":{"line":3,"column":44}}],"line":3},"2":{"loc":{"start":{"line":9,"column":16},"end":{"line":11,"column":17}},"type":"if","locations":[{"start":{"line":9,"column":16},"end":{"line":11,"column":17}},{"start":{"line":9,"column":16},"end":{"line":11,"column":17}}],"line":9}},"s":{"0":2,"1":2,"2":2,"3":2,"4":30,"5":28,"6":2,"7":0,"8":0,"9":0},"f":{"0":30,"1":0},"b":{"0":[2,0],"1":[2,2],"2":[28,2]},"inputSourceMap":null,"_coverageSchema":"1a1c01bbd47fc00a2c39e90264f33305004495a9","hash":"78576ced772911abadbebdfd90f6ee2e1e64b318"}
,"C:\\Anna_Loiko\\react-js\\repo\\Local-Movies-API-Service\\src\\components\\Input\\Input.js": {"path":"C:\\Anna_Loiko\\react-js\\repo\\Local-Movies-API-Service\\src\\components\\Input\\Input.js","statementMap":{"0":{"start":{"line":7,"column":14},"end":{"line":15,"column":1}},"1":{"start":{"line":8,"column":2},"end":{"line":14,"column":3}},"2":{"start":{"line":18,"column":0},"end":{"line":22,"column":2}}},"fnMap":{"0":{"name":"(anonymous_0)","decl":{"start":{"line":7,"column":14},"end":{"line":7,"column":15}},"loc":{"start":{"line":7,"column":45},"end":{"line":15,"column":1}},"line":7}},"branchMap":{"0":{"loc":{"start":{"line":10,"column":7},"end":{"line":10,"column":95}},"type":"binary-expr","locations":[{"start":{"line":10,"column":7},"end":{"line":10,"column":18}},{"start":{"line":10,"column":22},"end":{"line":10,"column":95}}],"line":10},"1":{"loc":{"start":{"line":12,"column":64},"end":{"line":12,"column":95}},"type":"binary-expr","locations":[{"start":{"line":12,"column":64},"end":{"line":12,"column":75}},{"start":{"line":12,"column":79},"end":{"line":12,"column":95}}],"line":12}},"s":{"0":1,"1":13,"2":1},"f":{"0":13},"b":{"0":[13,0],"1":[13,0]},"_coverageSchema":"1a1c01bbd47fc00a2c39e90264f33305004495a9","hash":"799dc6aaa7f6df07bfbc527ec5881842f2bd94a8"}
,"C:\\Anna_Loiko\\react-js\\repo\\Local-Movies-API-Service\\src\\components\\Input\\style.module.css": {"path":"C:\\Anna_Loiko\\react-js\\repo\\Local-Movies-API-Service\\src\\components\\Input\\style.module.css","statementMap":{"0":{"start":{"line":1,"column":13},"end":{"line":1,"column":72}},"1":{"start":{"line":3,"column":4},"end":{"line":24,"column":5}},"2":{"start":{"line":4,"column":8},"end":{"line":6,"column":11}},"3":{"start":{"line":7,"column":8},"end":{"line":18,"column":11}},"4":{"start":{"line":9,"column":16},"end":{"line":11,"column":17}},"5":{"start":{"line":10,"column":20},"end":{"line":10,"column":34}},"6":{"start":{"line":12,"column":16},"end":{"line":12,"column":36}},"7":{"start":{"line":16,"column":16},"end":{"line":16,"column":30}},"8":{"start":{"line":20,"column":8},"end":{"line":22,"column":11}},"9":{"start":{"line":23,"column":8},"end":{"line":23,"column":31}}},"fnMap":{"0":{"name":"(anonymous_0)","decl":{"start":{"line":8,"column":12},"end":{"line":8,"column":13}},"loc":{"start":{"line":8,"column":30},"end":{"line":13,"column":13}},"line":8},"1":{"name":"(anonymous_1)","decl":{"start":{"line":15,"column":12},"end":{"line":15,"column":13}},"loc":{"start":{"line":15,"column":29},"end":{"line":17,"column":13}},"line":15}},"branchMap":{"0":{"loc":{"start":{"line":3,"column":4},"end":{"line":24,"column":5}},"type":"if","locations":[{"start":{"line":3,"column":4},"end":{"line":24,"column":5}},{"start":{"line":3,"column":4},"end":{"line":24,"column":5}}],"line":3},"1":{"loc":{"start":{"line":3,"column":8},"end":{"line":3,"column":44}},"type":"binary-expr","locations":[{"start":{"line":3,"column":8},"end":{"line":3,"column":34}},{"start":{"line":3,"column":38},"end":{"line":3,"column":44}}],"line":3},"2":{"loc":{"start":{"line":9,"column":16},"end":{"line":11,"column":17}},"type":"if","locations":[{"start":{"line":9,"column":16},"end":{"line":11,"column":17}},{"start":{"line":9,"column":16},"end":{"line":11,"column":17}}],"line":9}},"s":{"0":1,"1":1,"2":1,"3":1,"4":14,"5":13,"6":1,"7":0,"8":0,"9":0},"f":{"0":14,"1":0},"b":{"0":[1,0],"1":[1,1],"2":[13,1]},"inputSourceMap":null,"_coverageSchema":"1a1c01bbd47fc00a2c39e90264f33305004495a9","hash":"35d883ae86bdbf4b63f17b1841a8f5a435bee1c2"}
,"C:\\Anna_Loiko\\react-js\\repo\\Local-Movies-API-Service\\src\\components\\Layout\\Footer\\Footer.js": {"path":"C:\\Anna_Loiko\\react-js\\repo\\Local-Movies-API-Service\\src\\components\\Layout\\Footer\\Footer.js","statementMap":{"0":{"start":{"line":4,"column":15},"end":{"line":4,"column":85}},"1":{"start":{"line":4,"column":33},"end":{"line":4,"column":85}}},"fnMap":{"0":{"name":"(anonymous_0)","decl":{"start":{"line":4,"column":15},"end":{"line":4,"column":16}},"loc":{"start":{"line":4,"column":33},"end":{"line":4,"column":85}},"line":4}},"branchMap":{},"s":{"0":1,"1":1},"f":{"0":1},"b":{},"_coverageSchema":"1a1c01bbd47fc00a2c39e90264f33305004495a9","hash":"d632280ba542ade5769e16f72c7c92ebc70959fb"}
,"C:\\Anna_Loiko\\react-js\\repo\\Local-Movies-API-Service\\src\\components\\Layout\\Footer\\style.module.css": {"path":"C:\\Anna_Loiko\\react-js\\repo\\Local-Movies-API-Service\\src\\components\\Layout\\Footer\\style.module.css","statementMap":{"0":{"start":{"line":1,"column":13},"end":{"line":1,"column":32}},"1":{"start":{"line":3,"column":4},"end":{"line":24,"column":5}},"2":{"start":{"line":4,"column":8},"end":{"line":6,"column":11}},"3":{"start":{"line":7,"column":8},"end":{"line":18,"column":11}},"4":{"start":{"line":9,"column":16},"end":{"line":11,"column":17}},"5":{"start":{"line":10,"column":20},"end":{"line":10,"column":34}},"6":{"start":{"line":12,"column":16},"end":{"line":12,"column":36}},"7":{"start":{"line":16,"column":16},"end":{"line":16,"column":30}},"8":{"start":{"line":20,"column":8},"end":{"line":22,"column":11}},"9":{"start":{"line":23,"column":8},"end":{"line":23,"column":31}}},"fnMap":{"0":{"name":"(anonymous_0)","decl":{"start":{"line":8,"column":12},"end":{"line":8,"column":13}},"loc":{"start":{"line":8,"column":30},"end":{"line":13,"column":13}},"line":8},"1":{"name":"(anonymous_1)","decl":{"start":{"line":15,"column":12},"end":{"line":15,"column":13}},"loc":{"start":{"line":15,"column":29},"end":{"line":17,"column":13}},"line":15}},"branchMap":{"0":{"loc":{"start":{"line":3,"column":4},"end":{"line":24,"column":5}},"type":"if","locations":[{"start":{"line":3,"column":4},"end":{"line":24,"column":5}},{"start":{"line":3,"column":4},"end":{"line":24,"column":5}}],"line":3},"1":{"loc":{"start":{"line":3,"column":8},"end":{"line":3,"column":44}},"type":"binary-expr","locations":[{"start":{"line":3,"column":8},"end":{"line":3,"column":34}},{"start":{"line":3,"column":38},"end":{"line":3,"column":44}}],"line":3},"2":{"loc":{"start":{"line":9,"column":16},"end":{"line":11,"column":17}},"type":"if","locations":[{"start":{"line":9,"column":16},"end":{"line":11,"column":17}},{"start":{"line":9,"column":16},"end":{"line":11,"column":17}}],"line":9}},"s":{"0":1,"1":1,"2":1,"3":1,"4":2,"5":1,"6":1,"7":0,"8":0,"9":0},"f":{"0":2,"1":0},"b":{"0":[1,0],"1":[1,1],"2":[1,1]},"inputSourceMap":null,"_coverageSchema":"1a1c01bbd47fc00a2c39e90264f33305004495a9","hash":"4e071956f40aa78a0c48d4da94560326a36c3b77"}
,"C:\\Anna_Loiko\\react-js\\repo\\Local-Movies-API-Service\\src\\components\\Modal\\Modal.js": {"path":"C:\\Anna_Loiko\\react-js\\repo\\Local-Movies-API-Service\\src\\components\\Modal\\Modal.js","statementMap":{"0":{"start":{"line":8,"column":14},"end":{"line":57,"column":1}},"1":{"start":{"line":9,"column":55},"end":{"line":9,"column":60}},"2":{"start":{"line":11,"column":18},"end":{"line":11,"column":47}},"3":{"start":{"line":13,"column":2},"end":{"line":20,"column":9}},"4":{"start":{"line":14,"column":4},"end":{"line":18,"column":5}},"5":{"start":{"line":15,"column":6},"end":{"line":15,"column":40}},"6":{"start":{"line":17,"column":6},"end":{"line":17,"column":53}},"7":{"start":{"line":17,"column":19},"end":{"line":17,"column":53}},"8":{"start":{"line":22,"column":24},"end":{"line":26,"column":8}},"9":{"start":{"line":23,"column":4},"end":{"line":25,"column":5}},"10":{"start":{"line":24,"column":6},"end":{"line":24,"column":24}},"11":{"start":{"line":28,"column":2},"end":{"line":33,"column":8}},"12":{"start":{"line":29,"column":4},"end":{"line":29,"column":63}},"13":{"start":{"line":30,"column":4},"end":{"line":32,"column":6}},"14":{"start":{"line":31,"column":6},"end":{"line":31,"column":67}},"15":{"start":{"line":36,"column":2},"end":{"line":56,"column":4}},"16":{"start":{"line":59,"column":0},"end":{"line":63,"column":2}}},"fnMap":{"0":{"name":"(anonymous_0)","decl":{"start":{"line":8,"column":14},"end":{"line":8,"column":15}},"loc":{"start":{"line":8,"column":25},"end":{"line":57,"column":1}},"line":8},"1":{"name":"(anonymous_1)","decl":{"start":{"line":13,"column":12},"end":{"line":13,"column":13}},"loc":{"start":{"line":13,"column":18},"end":{"line":20,"column":3}},"line":13},"2":{"name":"(anonymous_2)","decl":{"start":{"line":17,"column":13},"end":{"line":17,"column":14}},"loc":{"start":{"line":17,"column":19},"end":{"line":17,"column":53}},"line":17},"3":{"name":"(anonymous_3)","decl":{"start":{"line":22,"column":36},"end":{"line":22,"column":37}},"loc":{"start":{"line":22,"column":46},"end":{"line":26,"column":3}},"line":22},"4":{"name":"(anonymous_4)","decl":{"start":{"line":28,"column":12},"end":{"line":28,"column":13}},"loc":{"start":{"line":28,"column":18},"end":{"line":33,"column":3}},"line":28},"5":{"name":"(anonymous_5)","decl":{"start":{"line":30,"column":11},"end":{"line":30,"column":12}},"loc":{"start":{"line":30,"column":17},"end":{"line":32,"column":5}},"line":30}},"branchMap":{"0":{"loc":{"start":{"line":14,"column":4},"end":{"line":18,"column":5}},"type":"if","locations":[{"start":{"line":14,"column":4},"end":{"line":18,"column":5}},{"start":{"line":14,"column":4},"end":{"line":18,"column":5}}],"line":14},"1":{"loc":{"start":{"line":23,"column":4},"end":{"line":25,"column":5}},"type":"if","locations":[{"start":{"line":23,"column":4},"end":{"line":25,"column":5}},{"start":{"line":23,"column":4},"end":{"line":25,"column":5}}],"line":23},"2":{"loc":{"start":{"line":38,"column":7},"end":{"line":51,"column":11}},"type":"binary-expr","locations":[{"start":{"line":38,"column":7},"end":{"line":38,"column":13}},{"start":{"line":39,"column":8},"end":{"line":51,"column":11}}],"line":38},"3":{"loc":{"start":{"line":55,"column":4},"end":{"line":55,"column":46}},"type":"binary-expr","locations":[{"start":{"line":55,"column":4},"end":{"line":55,"column":35}},{"start":{"line":55,"column":39},"end":{"line":55,"column":46}}],"line":55}},"s":{"0":1,"1":1,"2":1,"3":1,"4":1,"5":1,"6":1,"7":1,"8":1,"9":0,"10":0,"11":1,"12":1,"13":1,"14":1,"15":1,"16":1},"f":{"0":1,"1":1,"2":1,"3":0,"4":1,"5":1},"b":{"0":[1,0],"1":[0,0],"2":[1,1],"3":[1,1]},"_coverageSchema":"1a1c01bbd47fc00a2c39e90264f33305004495a9","hash":"f6b9ad1450cfad8ed85c3bcde08132eca7556dfe"}
,"C:\\Anna_Loiko\\react-js\\repo\\Local-Movies-API-Service\\src\\components\\Modal\\style.module.css": {"path":"C:\\Anna_Loiko\\react-js\\repo\\Local-Movies-API-Service\\src\\components\\Modal\\style.module.css","statementMap":{"0":{"start":{"line":1,"column":13},"end":{"line":1,"column":154}},"1":{"start":{"line":3,"column":4},"end":{"line":24,"column":5}},"2":{"start":{"line":4,"column":8},"end":{"line":6,"column":11}},"3":{"start":{"line":7,"column":8},"end":{"line":18,"column":11}},"4":{"start":{"line":9,"column":16},"end":{"line":11,"column":17}},"5":{"start":{"line":10,"column":20},"end":{"line":10,"column":34}},"6":{"start":{"line":12,"column":16},"end":{"line":12,"column":36}},"7":{"start":{"line":16,"column":16},"end":{"line":16,"column":30}},"8":{"start":{"line":20,"column":8},"end":{"line":22,"column":11}},"9":{"start":{"line":23,"column":8},"end":{"line":23,"column":31}}},"fnMap":{"0":{"name":"(anonymous_0)","decl":{"start":{"line":8,"column":12},"end":{"line":8,"column":13}},"loc":{"start":{"line":8,"column":30},"end":{"line":13,"column":13}},"line":8},"1":{"name":"(anonymous_1)","decl":{"start":{"line":15,"column":12},"end":{"line":15,"column":13}},"loc":{"start":{"line":15,"column":29},"end":{"line":17,"column":13}},"line":15}},"branchMap":{"0":{"loc":{"start":{"line":3,"column":4},"end":{"line":24,"column":5}},"type":"if","locations":[{"start":{"line":3,"column":4},"end":{"line":24,"column":5}},{"start":{"line":3,"column":4},"end":{"line":24,"column":5}}],"line":3},"1":{"loc":{"start":{"line":3,"column":8},"end":{"line":3,"column":44}},"type":"binary-expr","locations":[{"start":{"line":3,"column":8},"end":{"line":3,"column":34}},{"start":{"line":3,"column":38},"end":{"line":3,"column":44}}],"line":3},"2":{"loc":{"start":{"line":9,"column":16},"end":{"line":11,"column":17}},"type":"if","locations":[{"start":{"line":9,"column":16},"end":{"line":11,"column":17}},{"start":{"line":9,"column":16},"end":{"line":11,"column":17}}],"line":9}},"s":{"0":1,"1":1,"2":1,"3":1,"4":6,"5":5,"6":1,"7":0,"8":0,"9":0},"f":{"0":6,"1":0},"b":{"0":[1,0],"1":[1,1],"2":[5,1]},"inputSourceMap":null,"_coverageSchema":"1a1c01bbd47fc00a2c39e90264f33305004495a9","hash":"71e77d4008f255b1367fe3dad6520d89f34b8b64"}
,"C:\\Anna_Loiko\\react-js\\repo\\Local-Movies-API-Service\\src\\components\\Search\\Search.js": {"path":"C:\\Anna_Loiko\\react-js\\repo\\Local-Movies-API-Service\\src\\components\\Search\\Search.js","statementMap":{"0":{"start":{"line":13,"column":15},"end":{"line":50,"column":1}},"1":{"start":{"line":14,"column":32},"end":{"line":14,"column":37}},"2":{"start":{"line":16,"column":28},"end":{"line":16,"column":40}},"3":{"start":{"line":17,"column":18},"end":{"line":17,"column":30}},"4":{"start":{"line":19,"column":23},"end":{"line":23,"column":3}},"5":{"start":{"line":20,"column":4},"end":{"line":22,"column":45}},"6":{"start":{"line":25,"column":2},"end":{"line":27,"column":31}},"7":{"start":{"line":26,"column":4},"end":{"line":26,"column":45}},"8":{"start":{"line":29,"column":2},"end":{"line":49,"column":3}},"9":{"start":{"line":36,"column":26},"end":{"line":36,"column":50}},"10":{"start":{"line":46,"column":28},"end":{"line":46,"column":43}},"11":{"start":{"line":52,"column":24},"end":{"line":56,"column":1}},"12":{"start":{"line":53,"column":2},"end":{"line":55,"column":3}},"13":{"start":{"line":58,"column":27},"end":{"line":60,"column":1}}},"fnMap":{"0":{"name":"(anonymous_0)","decl":{"start":{"line":13,"column":15},"end":{"line":13,"column":16}},"loc":{"start":{"line":13,"column":27},"end":{"line":50,"column":1}},"line":13},"1":{"name":"(anonymous_1)","decl":{"start":{"line":19,"column":23},"end":{"line":19,"column":24}},"loc":{"start":{"line":19,"column":30},"end":{"line":23,"column":3}},"line":19},"2":{"name":"(anonymous_2)","decl":{"start":{"line":25,"column":18},"end":{"line":25,"column":19}},"loc":{"start":{"line":25,"column":24},"end":{"line":27,"column":3}},"line":25},"3":{"name":"(anonymous_3)","decl":{"start":{"line":36,"column":20},"end":{"line":36,"column":21}},"loc":{"start":{"line":36,"column":25},"end":{"line":36,"column":51}},"line":36},"4":{"name":"(anonymous_4)","decl":{"start":{"line":46,"column":21},"end":{"line":46,"column":22}},"loc":{"start":{"line":46,"column":28},"end":{"line":46,"column":43}},"line":46},"5":{"name":"(anonymous_5)","decl":{"start":{"line":52,"column":24},"end":{"line":52,"column":25}},"loc":{"start":{"line":52,"column":33},"end":{"line":56,"column":1}},"line":52}},"branchMap":{"0":{"loc":{"start":{"line":26,"column":4},"end":{"line":26,"column":44}},"type":"binary-expr","locations":[{"start":{"line":26,"column":4},"end":{"line":26,"column":10}},{"start":{"line":26,"column":14},"end":{"line":26,"column":28}},{"start":{"line":26,"column":32},"end":{"line":26,"column":44}}],"line":26},"1":{"loc":{"start":{"line":27,"column":6},"end":{"line":27,"column":29}},"type":"binary-expr","locations":[{"start":{"line":27,"column":6},"end":{"line":27,"column":12}},{"start":{"line":27,"column":16},"end":{"line":27,"column":29}}],"line":27}},"s":{"0":1,"1":13,"2":13,"3":13,"4":13,"5":0,"6":13,"7":0,"8":13,"9":10,"10":0,"11":1,"12":3,"13":1},"f":{"0":13,"1":0,"2":0,"3":10,"4":0,"5":3},"b":{"0":[0,0,0],"1":[13,0]},"_coverageSchema":"1a1c01bbd47fc00a2c39e90264f33305004495a9","hash":"4de230d4490fdb08fcc2bea9b7bff33a669d7208"}
,"C:\\Anna_Loiko\\react-js\\repo\\Local-Movies-API-Service\\src\\components\\Search\\style.module.css": {"path":"C:\\Anna_Loiko\\react-js\\repo\\Local-Movies-API-Service\\src\\components\\Search\\style.module.css","statementMap":{"0":{"start":{"line":1,"column":13},"end":{"line":1,"column":40}},"1":{"start":{"line":3,"column":4},"end":{"line":24,"column":5}},"2":{"start":{"line":4,"column":8},"end":{"line":6,"column":11}},"3":{"start":{"line":7,"column":8},"end":{"line":18,"column":11}},"4":{"start":{"line":9,"column":16},"end":{"line":11,"column":17}},"5":{"start":{"line":10,"column":20},"end":{"line":10,"column":34}},"6":{"start":{"line":12,"column":16},"end":{"line":12,"column":36}},"7":{"start":{"line":16,"column":16},"end":{"line":16,"column":30}},"8":{"start":{"line":20,"column":8},"end":{"line":22,"column":11}},"9":{"start":{"line":23,"column":8},"end":{"line":23,"column":31}}},"fnMap":{"0":{"name":"(anonymous_0)","decl":{"start":{"line":8,"column":12},"end":{"line":8,"column":13}},"loc":{"start":{"line":8,"column":30},"end":{"line":13,"column":13}},"line":8},"1":{"name":"(anonymous_1)","decl":{"start":{"line":15,"column":12},"end":{"line":15,"column":13}},"loc":{"start":{"line":15,"column":29},"end":{"line":17,"column":13}},"line":15}},"branchMap":{"0":{"loc":{"start":{"line":3,"column":4},"end":{"line":24,"column":5}},"type":"if","locations":[{"start":{"line":3,"column":4},"end":{"line":24,"column":5}},{"start":{"line":3,"column":4},"end":{"line":24,"column":5}}],"line":3},"1":{"loc":{"start":{"line":3,"column":8},"end":{"line":3,"column":44}},"type":"binary-expr","locations":[{"start":{"line":3,"column":8},"end":{"line":3,"column":34}},{"start":{"line":3,"column":38},"end":{"line":3,"column":44}}],"line":3},"2":{"loc":{"start":{"line":9,"column":16},"end":{"line":11,"column":17}},"type":"if","locations":[{"start":{"line":9,"column":16},"end":{"line":11,"column":17}},{"start":{"line":9,"column":16},"end":{"line":11,"column":17}}],"line":9}},"s":{"0":1,"1":1,"2":1,"3":1,"4":14,"5":13,"6":1,"7":0,"8":0,"9":0},"f":{"0":14,"1":0},"b":{"0":[1,0],"1":[1,1],"2":[13,1]},"inputSourceMap":null,"_coverageSchema":"1a1c01bbd47fc00a2c39e90264f33305004495a9","hash":"80eb7bc6e27723d978a22d7e77ac517ade7fc0d4"}
,"C:\\Anna_Loiko\\react-js\\repo\\Local-Movies-API-Service\\src\\hooks\\useUpdateEffect.js": {"path":"C:\\Anna_Loiko\\react-js\\repo\\Local-Movies-API-Service\\src\\hooks\\useUpdateEffect.js","statementMap":{"0":{"start":{"line":4,"column":18},"end":{"line":4,"column":26}},"1":{"start":{"line":6,"column":2},"end":{"line":10,"column":11}},"2":{"start":{"line":7,"column":4},"end":{"line":7,"column":41}},"3":{"start":{"line":7,"column":25},"end":{"line":7,"column":41}},"4":{"start":{"line":8,"column":4},"end":{"line":8,"column":27}},"5":{"start":{"line":9,"column":4},"end":{"line":9,"column":21}}},"fnMap":{"0":{"name":"useUpdateEffect","decl":{"start":{"line":3,"column":24},"end":{"line":3,"column":39}},"loc":{"start":{"line":3,"column":54},"end":{"line":11,"column":1}},"line":3},"1":{"name":"(anonymous_1)","decl":{"start":{"line":6,"column":12},"end":{"line":6,"column":13}},"loc":{"start":{"line":6,"column":18},"end":{"line":10,"column":3}},"line":6}},"branchMap":{"0":{"loc":{"start":{"line":7,"column":4},"end":{"line":7,"column":41}},"type":"if","locations":[{"start":{"line":7,"column":4},"end":{"line":7,"column":41}},{"start":{"line":7,"column":4},"end":{"line":7,"column":41}}],"line":7}},"s":{"0":13,"1":13,"2":3,"3":0,"4":3,"5":3},"f":{"0":13,"1":3},"b":{"0":[0,3]},"_coverageSchema":"1a1c01bbd47fc00a2c39e90264f33305004495a9","hash":"fc695f8d73b42a7f6f952a1eeb46cf6c85839450"}
,"C:\\Anna_Loiko\\react-js\\repo\\Local-Movies-API-Service\\src\\redux\\actionTypes.js": {"path":"C:\\Anna_Loiko\\react-js\\repo\\Local-Movies-API-Service\\src\\redux\\actionTypes.js","statementMap":{"0":{"start":{"line":1,"column":16},"end":{"line":17,"column":1}}},"fnMap":{},"branchMap":{},"s":{"0":4},"f":{},"b":{},"_coverageSchema":"1a1c01bbd47fc00a2c39e90264f33305004495a9","hash":"f63425375e3533b9d274e195b1cc4c3b528a4ce9"}
,"C:\\Anna_Loiko\\react-js\\repo\\Local-Movies-API-Service\\src\\redux\\actions.js": {"path":"C:\\Anna_Loiko\\react-js\\repo\\Local-Movies-API-Service\\src\\redux\\actions.js","statementMap":{"0":{"start":{"line":6,"column":25},"end":{"line":40,"column":1}},"1":{"start":{"line":7,"column":2},"end":{"line":39,"column":3}},"2":{"start":{"line":8,"column":4},"end":{"line":8,"column":60}},"3":{"start":{"line":10,"column":4},"end":{"line":38,"column":8}},"4":{"start":{"line":23,"column":8},"end":{"line":32,"column":11}},"5":{"start":{"line":33,"column":8},"end":{"line":33,"column":65}},"6":{"start":{"line":36,"column":8},"end":{"line":36,"column":68}},"7":{"start":{"line":37,"column":8},"end":{"line":37,"column":65}},"8":{"start":{"line":42,"column":24},"end":{"line":59,"column":1}},"9":{"start":{"line":43,"column":2},"end":{"line":58,"column":3}},"10":{"start":{"line":44,"column":4},"end":{"line":57,"column":8}},"11":{"start":{"line":50,"column":8},"end":{"line":53,"column":11}},"12":{"start":{"line":56,"column":8},"end":{"line":56,"column":68}},"13":{"start":{"line":61,"column":25},"end":{"line":79,"column":1}},"14":{"start":{"line":62,"column":2},"end":{"line":78,"column":3}},"15":{"start":{"line":63,"column":4},"end":{"line":77,"column":8}},"16":{"start":{"line":69,"column":8},"end":{"line":72,"column":11}},"17":{"start":{"line":73,"column":8},"end":{"line":73,"column":65}},"18":{"start":{"line":76,"column":8},"end":{"line":76,"column":69}},"19":{"start":{"line":81,"column":27},"end":{"line":100,"column":1}},"20":{"start":{"line":82,"column":2},"end":{"line":99,"column":3}},"21":{"start":{"line":83,"column":4},"end":{"line":98,"column":8}},"22":{"start":{"line":91,"column":8},"end":{"line":94,"column":11}},"23":{"start":{"line":97,"column":8},"end":{"line":97,"column":71}},"24":{"start":{"line":102,"column":28},"end":{"line":122,"column":1}},"25":{"start":{"line":103,"column":2},"end":{"line":121,"column":3}},"26":{"start":{"line":105,"column":4},"end":{"line":120,"column":8}},"27":{"start":{"line":113,"column":8},"end":{"line":116,"column":11}},"28":{"start":{"line":119,"column":8},"end":{"line":119,"column":73}},"29":{"start":{"line":124,"column":27},"end":{"line":124,"column":97}},"30":{"start":{"line":124,"column":34},"end":{"line":124,"column":96}},"31":{"start":{"line":126,"column":31},"end":{"line":126,"column":72}},"32":{"start":{"line":126,"column":38},"end":{"line":126,"column":71}}},"fnMap":{"0":{"name":"(anonymous_0)","decl":{"start":{"line":6,"column":25},"end":{"line":6,"column":26}},"loc":{"start":{"line":6,"column":40},"end":{"line":40,"column":1}},"line":6},"1":{"name":"(anonymous_1)","decl":{"start":{"line":7,"column":9},"end":{"line":7,"column":10}},"loc":{"start":{"line":7,"column":23},"end":{"line":39,"column":3}},"line":7},"2":{"name":"(anonymous_2)","decl":{"start":{"line":22,"column":12},"end":{"line":22,"column":13}},"loc":{"start":{"line":22,"column":24},"end":{"line":34,"column":7}},"line":22},"3":{"name":"(anonymous_3)","decl":{"start":{"line":35,"column":13},"end":{"line":35,"column":14}},"loc":{"start":{"line":35,"column":24},"end":{"line":38,"column":7}},"line":35},"4":{"name":"(anonymous_4)","decl":{"start":{"line":42,"column":24},"end":{"line":42,"column":25}},"loc":{"start":{"line":42,"column":38},"end":{"line":59,"column":1}},"line":42},"5":{"name":"(anonymous_5)","decl":{"start":{"line":43,"column":9},"end":{"line":43,"column":10}},"loc":{"start":{"line":43,"column":23},"end":{"line":58,"column":3}},"line":43},"6":{"name":"(anonymous_6)","decl":{"start":{"line":49,"column":12},"end":{"line":49,"column":13}},"loc":{"start":{"line":49,"column":24},"end":{"line":54,"column":7}},"line":49},"7":{"name":"(anonymous_7)","decl":{"start":{"line":55,"column":13},"end":{"line":55,"column":14}},"loc":{"start":{"line":55,"column":24},"end":{"line":57,"column":7}},"line":55},"8":{"name":"(anonymous_8)","decl":{"start":{"line":61,"column":25},"end":{"line":61,"column":26}},"loc":{"start":{"line":61,"column":42},"end":{"line":79,"column":1}},"line":61},"9":{"name":"(anonymous_9)","decl":{"start":{"line":62,"column":9},"end":{"line":62,"column":10}},"loc":{"start":{"line":62,"column":23},"end":{"line":78,"column":3}},"line":62},"10":{"name":"(anonymous_10)","decl":{"start":{"line":68,"column":12},"end":{"line":68,"column":13}},"loc":{"start":{"line":68,"column":24},"end":{"line":74,"column":7}},"line":68},"11":{"name":"(anonymous_11)","decl":{"start":{"line":75,"column":13},"end":{"line":75,"column":14}},"loc":{"start":{"line":75,"column":24},"end":{"line":77,"column":7}},"line":75},"12":{"name":"(anonymous_12)","decl":{"start":{"line":81,"column":27},"end":{"line":81,"column":28}},"loc":{"start":{"line":81,"column":40},"end":{"line":100,"column":1}},"line":81},"13":{"name":"(anonymous_13)","decl":{"start":{"line":82,"column":9},"end":{"line":82,"column":10}},"loc":{"start":{"line":82,"column":23},"end":{"line":99,"column":3}},"line":82},"14":{"name":"(anonymous_14)","decl":{"start":{"line":90,"column":12},"end":{"line":90,"column":13}},"loc":{"start":{"line":90,"column":18},"end":{"line":95,"column":7}},"line":90},"15":{"name":"(anonymous_15)","decl":{"start":{"line":96,"column":13},"end":{"line":96,"column":14}},"loc":{"start":{"line":96,"column":24},"end":{"line":98,"column":7}},"line":96},"16":{"name":"(anonymous_16)","decl":{"start":{"line":102,"column":28},"end":{"line":102,"column":29}},"loc":{"start":{"line":102,"column":41},"end":{"line":122,"column":1}},"line":102},"17":{"name":"(anonymous_17)","decl":{"start":{"line":103,"column":9},"end":{"line":103,"column":10}},"loc":{"start":{"line":103,"column":23},"end":{"line":121,"column":3}},"line":103},"18":{"name":"(anonymous_18)","decl":{"start":{"line":112,"column":12},"end":{"line":112,"column":13}},"loc":{"start":{"line":112,"column":26},"end":{"line":117,"column":7}},"line":112},"19":{"name":"(anonymous_19)","decl":{"start":{"line":118,"column":13},"end":{"line":118,"column":14}},"loc":{"start":{"line":118,"column":24},"end":{"line":120,"column":7}},"line":118},"20":{"name":"(anonymous_20)","decl":{"start":{"line":124,"column":27},"end":{"line":124,"column":28}},"loc":{"start":{"line":124,"column":34},"end":{"line":124,"column":96}},"line":124},"21":{"name":"(anonymous_21)","decl":{"start":{"line":126,"column":31},"end":{"line":126,"column":32}},"loc":{"start":{"line":126,"column":38},"end":{"line":126,"column":71}},"line":126}},"branchMap":{"0":{"loc":{"start":{"line":6,"column":26},"end":{"line":6,"column":35}},"type":"default-arg","locations":[{"start":{"line":6,"column":33},"end":{"line":6,"column":35}}],"line":6},"1":{"loc":{"start":{"line":15,"column":16},"end":{"line":15,"column":76}},"type":"cond-expr","locations":[{"start":{"line":15,"column":51},"end":{"line":15,"column":53}},{"start":{"line":15,"column":56},"end":{"line":15,"column":76}}],"line":15},"2":{"loc":{"start":{"line":27,"column":29},"end":{"line":27,"column":58}},"type":"binary-expr","locations":[{"start":{"line":27,"column":29},"end":{"line":27,"column":49}},{"start":{"line":27,"column":53},"end":{"line":27,"column":58}}],"line":27},"3":{"loc":{"start":{"line":28,"column":27},"end":{"line":28,"column":63}},"type":"binary-expr","locations":[{"start":{"line":28,"column":27},"end":{"line":28,"column":45}},{"start":{"line":28,"column":49},"end":{"line":28,"column":63}}],"line":28}},"s":{"0":3,"1":1,"2":1,"3":1,"4":1,"5":1,"6":0,"7":0,"8":3,"9":0,"10":0,"11":0,"12":0,"13":3,"14":0,"15":0,"16":0,"17":0,"18":0,"19":3,"20":0,"21":0,"22":0,"23":0,"24":3,"25":0,"26":0,"27":0,"28":0,"29":3,"30":1,"31":3,"32":1},"f":{"0":1,"1":1,"2":1,"3":0,"4":0,"5":0,"6":0,"7":0,"8":0,"9":0,"10":0,"11":0,"12":0,"13":0,"14":0,"15":0,"16":0,"17":0,"18":0,"19":0,"20":1,"21":1},"b":{"0":[1],"1":[0,1],"2":[1,1],"3":[1,1]},"_coverageSchema":"1a1c01bbd47fc00a2c39e90264f33305004495a9","hash":"33bcd29e47053e32fdbbce13eda2d01d60134c19"}
,"C:\\Anna_Loiko\\react-js\\repo\\Local-Movies-API-Service\\src\\redux\\movieReducer.js": {"path":"C:\\Anna_Loiko\\react-js\\repo\\Local-Movies-API-Service\\src\\redux\\movieReducer.js","statementMap":{"0":{"start":{"line":3,"column":21},"end":{"line":31,"column":1}},"1":{"start":{"line":33,"column":21},"end":{"line":138,"column":1}},"2":{"start":{"line":34,"column":2},"end":{"line":137,"column":3}},"3":{"start":{"line":37,"column":6},"end":{"line":40,"column":8}},"4":{"start":{"line":43,"column":6},"end":{"line":52,"column":8}},"5":{"start":{"line":55,"column":6},"end":{"line":58,"column":8}},"6":{"start":{"line":61,"column":6},"end":{"line":65,"column":8}},"7":{"start":{"line":63,"column":44},"end":{"line":63,"column":70}},"8":{"start":{"line":68,"column":6},"end":{"line":71,"column":8}},"9":{"start":{"line":74,"column":6},"end":{"line":82,"column":8}},"10":{"start":{"line":85,"column":6},"end":{"line":88,"column":8}},"11":{"start":{"line":91,"column":6},"end":{"line":94,"column":8}},"12":{"start":{"line":97,"column":6},"end":{"line":107,"column":8}},"13":{"start":{"line":101,"column":12},"end":{"line":103,"column":20}},"14":{"start":{"line":110,"column":6},"end":{"line":113,"column":8}},"15":{"start":{"line":116,"column":6},"end":{"line":120,"column":8}},"16":{"start":{"line":123,"column":6},"end":{"line":126,"column":8}},"17":{"start":{"line":129,"column":6},"end":{"line":132,"column":8}},"18":{"start":{"line":135,"column":6},"end":{"line":135,"column":19}}},"fnMap":{"0":{"name":"(anonymous_0)","decl":{"start":{"line":33,"column":21},"end":{"line":33,"column":22}},"loc":{"start":{"line":33,"column":55},"end":{"line":138,"column":1}},"line":33},"1":{"name":"(anonymous_1)","decl":{"start":{"line":63,"column":36},"end":{"line":63,"column":37}},"loc":{"start":{"line":63,"column":44},"end":{"line":63,"column":70}},"line":63},"2":{"name":"(anonymous_2)","decl":{"start":{"line":100,"column":10},"end":{"line":100,"column":11}},"loc":{"start":{"line":101,"column":12},"end":{"line":103,"column":20}},"line":101}},"branchMap":{"0":{"loc":{"start":{"line":33,"column":22},"end":{"line":33,"column":42}},"type":"default-arg","locations":[{"start":{"line":33,"column":30},"end":{"line":33,"column":42}}],"line":33},"1":{"loc":{"start":{"line":34,"column":2},"end":{"line":137,"column":3}},"type":"switch","locations":[{"start":{"line":36,"column":4},"end":{"line":40,"column":8}},{"start":{"line":42,"column":4},"end":{"line":52,"column":8}},{"start":{"line":54,"column":4},"end":{"line":58,"column":8}},{"start":{"line":60,"column":4},"end":{"line":65,"column":8}},{"start":{"line":67,"column":4},"end":{"line":71,"column":8}},{"start":{"line":73,"column":4},"end":{"line":82,"column":8}},{"start":{"line":84,"column":4},"end":{"line":88,"column":8}},{"start":{"line":90,"column":4},"end":{"line":94,"column":8}},{"start":{"line":96,"column":4},"end":{"line":107,"column":8}},{"start":{"line":109,"column":4},"end":{"line":113,"column":8}},{"start":{"line":115,"column":4},"end":{"line":120,"column":8}},{"start":{"line":122,"column":4},"end":{"line":126,"column":8}},{"start":{"line":128,"column":4},"end":{"line":132,"column":8}},{"start":{"line":134,"column":4},"end":{"line":135,"column":19}}],"line":34},"2":{"loc":{"start":{"line":101,"column":12},"end":{"line":103,"column":20}},"type":"cond-expr","locations":[{"start":{"line":102,"column":16},"end":{"line":102,"column":46}},{"start":{"line":103,"column":16},"end":{"line":103,"column":20}}],"line":101}},"s":{"0":3,"1":3,"2":2,"3":0,"4":0,"5":0,"6":0,"7":0,"8":0,"9":1,"10":0,"11":0,"12":0,"13":0,"14":0,"15":0,"16":0,"17":0,"18":1},"f":{"0":2,"1":0,"2":0},"b":{"0":[1],"1":[0,0,0,0,0,1,0,0,0,0,0,0,0,1],"2":[0,0]},"_coverageSchema":"1a1c01bbd47fc00a2c39e90264f33305004495a9","hash":"b37cb9e1a3576a898096fce18ea013cb563086d9"}
}
