TN:
SF:src\components\Button\Button.js
FN:6,(anonymous_0)
FNF:1
FNH:1
FNDA:15,(anonymous_0)
DA:6,2
DA:7,15
DA:10,15
DA:24,2
LF:4
LH:4
BRDA:7,0,0,2
BRDA:7,1,0,2
BRDA:7,2,0,2
BRDA:7,3,0,2
BRDA:7,4,0,15
BRDA:7,5,0,15
BRDA:13,6,0,15
BRDA:13,6,1,13
BRF:8
BRH:8
end_of_record
TN:
SF:src\components\Button\style.module.css
FN:8,(anonymous_0)
FN:15,(anonymous_1)
FNF:2
FNH:1
FNDA:30,(anonymous_0)
FNDA:0,(anonymous_1)
DA:1,2
DA:3,2
DA:4,2
DA:7,2
DA:9,30
DA:10,28
DA:12,2
DA:16,0
DA:20,0
DA:23,0
LF:10
LH:7
BRDA:3,0,0,2
BRDA:3,0,1,0
BRDA:3,1,0,2
BRDA:3,1,1,2
BRDA:9,2,0,28
BRDA:9,2,1,2
BRF:6
BRH:5
end_of_record
TN:
SF:src\components\Input\Input.js
FN:7,(anonymous_0)
FNF:1
FNH:1
FNDA:13,(anonymous_0)
DA:7,1
DA:8,13
DA:18,1
LF:3
LH:3
BRDA:10,0,0,13
BRDA:10,0,1,0
BRDA:12,1,0,13
BRDA:12,1,1,0
BRF:4
BRH:2
end_of_record
TN:
SF:src\components\Input\style.module.css
FN:8,(anonymous_0)
FN:15,(anonymous_1)
FNF:2
FNH:1
FNDA:14,(anonymous_0)
FNDA:0,(anonymous_1)
DA:1,1
DA:3,1
DA:4,1
DA:7,1
DA:9,14
DA:10,13
DA:12,1
DA:16,0
DA:20,0
DA:23,0
LF:10
LH:7
BRDA:3,0,0,1
BRDA:3,0,1,0
BRDA:3,1,0,1
BRDA:3,1,1,1
BRDA:9,2,0,13
BRDA:9,2,1,1
BRF:6
BRH:5
end_of_record
TN:
SF:src\components\Layout\Footer\Footer.js
FN:4,(anonymous_0)
FNF:1
FNH:1
FNDA:1,(anonymous_0)
DA:4,1
LF:1
LH:1
BRF:0
BRH:0
end_of_record
TN:
SF:src\components\Layout\Footer\style.module.css
FN:8,(anonymous_0)
FN:15,(anonymous_1)
FNF:2
FNH:1
FNDA:2,(anonymous_0)
FNDA:0,(anonymous_1)
DA:1,1
DA:3,1
DA:4,1
DA:7,1
DA:9,2
DA:10,1
DA:12,1
DA:16,0
DA:20,0
DA:23,0
LF:10
LH:7
BRDA:3,0,0,1
BRDA:3,0,1,0
BRDA:3,1,0,1
BRDA:3,1,1,1
BRDA:9,2,0,1
BRDA:9,2,1,1
BRF:6
BRH:5
end_of_record
TN:
SF:src\components\Modal\Modal.js
FN:8,(anonymous_0)
FN:13,(anonymous_1)
FN:17,(anonymous_2)
FN:22,(anonymous_3)
FN:28,(anonymous_4)
FN:30,(anonymous_5)
FNF:6
FNH:5
FNDA:1,(anonymous_0)
FNDA:1,(anonymous_1)
FNDA:1,(anonymous_2)
FNDA:0,(anonymous_3)
FNDA:1,(anonymous_4)
FNDA:1,(anonymous_5)
DA:8,1
DA:9,1
DA:11,1
DA:13,1
DA:14,1
DA:15,1
DA:17,1
DA:22,1
DA:23,0
DA:24,0
DA:28,1
DA:29,1
DA:30,1
DA:31,1
DA:36,1
DA:59,1
LF:16
LH:14
BRDA:14,0,0,1
BRDA:14,0,1,0
BRDA:23,1,0,0
BRDA:23,1,1,0
BRDA:38,2,0,1
BRDA:38,2,1,1
BRDA:55,3,0,1
BRDA:55,3,1,1
BRF:8
BRH:5
end_of_record
TN:
SF:src\components\Modal\style.module.css
FN:8,(anonymous_0)
FN:15,(anonymous_1)
FNF:2
FNH:1
FNDA:6,(anonymous_0)
FNDA:0,(anonymous_1)
DA:1,1
DA:3,1
DA:4,1
DA:7,1
DA:9,6
DA:10,5
DA:12,1
DA:16,0
DA:20,0
DA:23,0
LF:10
LH:7
BRDA:3,0,0,1
BRDA:3,0,1,0
BRDA:3,1,0,1
BRDA:3,1,1,1
BRDA:9,2,0,5
BRDA:9,2,1,1
BRF:6
BRH:5
end_of_record
TN:
SF:src\components\Search\Search.js
FN:13,(anonymous_0)
FN:19,(anonymous_1)
FN:25,(anonymous_2)
FN:36,(anonymous_3)
FN:46,(anonymous_4)
FN:52,(anonymous_5)
FNF:6
FNH:3
FNDA:13,(anonymous_0)
FNDA:0,(anonymous_1)
FNDA:0,(anonymous_2)
FNDA:10,(anonymous_3)
FNDA:0,(anonymous_4)
FNDA:3,(anonymous_5)
DA:13,1
DA:14,13
DA:16,13
DA:17,13
DA:19,13
DA:20,0
DA:25,13
DA:26,0
DA:29,13
DA:36,10
DA:46,0
DA:52,1
DA:53,3
DA:58,1
LF:14
LH:11
BRDA:26,0,0,0
BRDA:26,0,1,0
BRDA:26,0,2,0
BRDA:27,1,0,13
BRDA:27,1,1,0
BRF:5
BRH:1
end_of_record
TN:
SF:src\components\Search\style.module.css
FN:8,(anonymous_0)
FN:15,(anonymous_1)
FNF:2
FNH:1
FNDA:14,(anonymous_0)
FNDA:0,(anonymous_1)
DA:1,1
DA:3,1
DA:4,1
DA:7,1
DA:9,14
DA:10,13
DA:12,1
DA:16,0
DA:20,0
DA:23,0
LF:10
LH:7
BRDA:3,0,0,1
BRDA:3,0,1,0
BRDA:3,1,0,1
BRDA:3,1,1,1
BRDA:9,2,0,13
BRDA:9,2,1,1
BRF:6
BRH:5
end_of_record
TN:
SF:src\hooks\useUpdateEffect.js
FN:3,useUpdateEffect
FN:6,(anonymous_1)
FNF:2
FNH:2
FNDA:13,useUpdateEffect
FNDA:3,(anonymous_1)
DA:4,13
DA:6,13
DA:7,3
DA:8,3
DA:9,3
LF:5
LH:5
BRDA:7,0,0,0
BRDA:7,0,1,3
BRF:2
BRH:1
end_of_record
TN:
SF:src\redux\actionTypes.js
FNF:0
FNH:0
DA:1,4
LF:1
LH:1
BRF:0
BRH:0
end_of_record
TN:
SF:src\redux\actions.js
FN:6,(anonymous_0)
FN:7,(anonymous_1)
FN:22,(anonymous_2)
FN:35,(anonymous_3)
FN:42,(anonymous_4)
FN:43,(anonymous_5)
FN:49,(anonymous_6)
FN:55,(anonymous_7)
FN:61,(anonymous_8)
FN:62,(anonymous_9)
FN:68,(anonymous_10)
FN:75,(anonymous_11)
FN:81,(anonymous_12)
FN:82,(anonymous_13)
FN:90,(anonymous_14)
FN:96,(anonymous_15)
FN:102,(anonymous_16)
FN:103,(anonymous_17)
FN:112,(anonymous_18)
FN:118,(anonymous_19)
FN:124,(anonymous_20)
FN:126,(anonymous_21)
FNF:22
FNH:5
FNDA:1,(anonymous_0)
FNDA:1,(anonymous_1)
FNDA:1,(anonymous_2)
FNDA:0,(anonymous_3)
FNDA:0,(anonymous_4)
FNDA:0,(anonymous_5)
FNDA:0,(anonymous_6)
FNDA:0,(anonymous_7)
FNDA:0,(anonymous_8)
FNDA:0,(anonymous_9)
FNDA:0,(anonymous_10)
FNDA:0,(anonymous_11)
FNDA:0,(anonymous_12)
FNDA:0,(anonymous_13)
FNDA:0,(anonymous_14)
FNDA:0,(anonymous_15)
FNDA:0,(anonymous_16)
FNDA:0,(anonymous_17)
FNDA:0,(anonymous_18)
FNDA:0,(anonymous_19)
FNDA:1,(anonymous_20)
FNDA:1,(anonymous_21)
DA:6,3
DA:7,1
DA:8,1
DA:10,1
DA:23,1
DA:33,1
DA:36,0
DA:37,0
DA:42,3
DA:43,0
DA:44,0
DA:50,0
DA:56,0
DA:61,3
DA:62,0
DA:63,0
DA:69,0
DA:73,0
DA:76,0
DA:81,3
DA:82,0
DA:83,0
DA:91,0
DA:97,0
DA:102,3
DA:103,0
DA:105,0
DA:113,0
DA:119,0
DA:124,3
DA:126,3
LF:31
LH:12
BRDA:6,0,0,1
BRDA:15,1,0,0
BRDA:15,1,1,1
BRDA:27,2,0,1
BRDA:27,2,1,1
BRDA:28,3,0,1
BRDA:28,3,1,1
BRF:7
BRH:6
end_of_record
TN:
SF:src\redux\movieReducer.js
FN:33,(anonymous_0)
FN:63,(anonymous_1)
FN:100,(anonymous_2)
FNF:3
FNH:1
FNDA:2,(anonymous_0)
FNDA:0,(anonymous_1)
FNDA:0,(anonymous_2)
DA:3,3
DA:33,3
DA:34,2
DA:37,0
DA:43,0
DA:55,0
DA:61,0
DA:63,0
DA:68,0
DA:74,1
DA:85,0
DA:91,0
DA:97,0
DA:101,0
DA:110,0
DA:116,0
DA:123,0
DA:129,0
DA:135,1
LF:19
LH:5
BRDA:33,0,0,1
BRDA:34,1,0,0
BRDA:34,1,1,0
BRDA:34,1,2,0
BRDA:34,1,3,0
BRDA:34,1,4,0
BRDA:34,1,5,1
BRDA:34,1,6,0
BRDA:34,1,7,0
BRDA:34,1,8,0
BRDA:34,1,9,0
BRDA:34,1,10,0
BRDA:34,1,11,0
BRDA:34,1,12,0
BRDA:34,1,13,1
BRDA:101,2,0,0
BRDA:101,2,1,0
BRF:17
BRH:3
end_of_record
