TN:
SF:src\components\Button\Button.js
FN:6,(anonymous_0)
FNF:1
FNH:1
FNDA:21,(anonymous_0)
DA:6,3
DA:7,21
DA:10,21
DA:24,3
LF:4
LH:4
BRDA:7,0,0,2
BRDA:7,1,0,2
BRDA:7,2,0,2
BRDA:7,3,0,8
BRDA:7,4,0,21
BRDA:7,5,0,21
BRDA:13,6,0,21
BRDA:13,6,1,13
BRF:8
BRH:8
end_of_record
TN:
SF:src\components\Button\style.module.css
FN:8,(anonymous_0)
FN:15,(anonymous_1)
FNF:2
FNH:1
FNDA:37,(anonymous_0)
FNDA:0,(anonymous_1)
DA:1,3
DA:3,3
DA:4,3
DA:7,3
DA:9,37
DA:10,34
DA:12,3
DA:16,0
DA:20,0
DA:23,0
LF:10
LH:7
BRDA:3,0,0,3
BRDA:3,0,1,0
BRDA:3,1,0,3
BRDA:3,1,1,3
BRDA:9,2,0,34
BRDA:9,2,1,3
BRF:6
BRH:5
end_of_record
TN:
SF:src\components\DatePickerField\DatePickerField.js
FN:9,(anonymous_0)
FN:25,(anonymous_1)
FN:28,(anonymous_2)
FNF:3
FNH:1
FNDA:13,(anonymous_0)
FNDA:0,(anonymous_1)
FNDA:0,(anonymous_2)
DA:9,1
DA:10,13
DA:11,13
DA:13,13
DA:26,0
DA:29,0
LF:6
LH:4
BRDA:24,0,0,13
BRDA:24,0,1,0
BRDA:24,0,2,13
BRF:3
BRH:2
end_of_record
TN:
SF:src\components\DatePickerField\style.module.css
FN:8,(anonymous_0)
FN:15,(anonymous_1)
FNF:2
FNH:1
FNDA:40,(anonymous_0)
FNDA:0,(anonymous_1)
DA:1,1
DA:3,1
DA:4,1
DA:7,1
DA:9,40
DA:10,39
DA:12,1
DA:16,0
DA:20,0
DA:23,0
LF:10
LH:7
BRDA:3,0,0,1
BRDA:3,0,1,0
BRDA:3,1,0,1
BRDA:3,1,1,1
BRDA:9,2,0,39
BRDA:9,2,1,1
BRF:6
BRH:5
end_of_record
TN:
SF:src\components\Input\Input.js
FN:7,(anonymous_0)
FNF:1
FNH:1
FNDA:65,(anonymous_0)
DA:7,2
DA:8,65
DA:18,2
LF:3
LH:3
BRDA:10,0,0,65
BRDA:10,0,1,52
BRDA:12,1,0,65
BRDA:12,1,1,0
BRF:4
BRH:3
end_of_record
TN:
SF:src\components\Input\style.module.css
FN:8,(anonymous_0)
FN:15,(anonymous_1)
FNF:2
FNH:1
FNDA:119,(anonymous_0)
FNDA:0,(anonymous_1)
DA:1,2
DA:3,2
DA:4,2
DA:7,2
DA:9,119
DA:10,117
DA:12,2
DA:16,0
DA:20,0
DA:23,0
LF:10
LH:7
BRDA:3,0,0,2
BRDA:3,0,1,0
BRDA:3,1,0,2
BRDA:3,1,1,2
BRDA:9,2,0,117
BRDA:9,2,1,2
BRF:6
BRH:5
end_of_record
TN:
SF:src\components\Layout\Footer\Footer.js
FN:4,(anonymous_0)
FNF:1
FNH:1
FNDA:1,(anonymous_0)
DA:4,1
LF:1
LH:1
BRF:0
BRH:0
end_of_record
TN:
SF:src\components\Layout\Footer\style.module.css
FN:8,(anonymous_0)
FN:15,(anonymous_1)
FNF:2
FNH:1
FNDA:2,(anonymous_0)
FNDA:0,(anonymous_1)
DA:1,1
DA:3,1
DA:4,1
DA:7,1
DA:9,2
DA:10,1
DA:12,1
DA:16,0
DA:20,0
DA:23,0
LF:10
LH:7
BRDA:3,0,0,1
BRDA:3,0,1,0
BRDA:3,1,0,1
BRDA:3,1,1,1
BRDA:9,2,0,1
BRDA:9,2,1,1
BRF:6
BRH:5
end_of_record
TN:
SF:src\components\Modal\Modal.js
FN:8,(anonymous_0)
FN:13,(anonymous_1)
FN:17,(anonymous_2)
FN:22,(anonymous_3)
FN:28,(anonymous_4)
FN:30,(anonymous_5)
FNF:6
FNH:6
FNDA:4,(anonymous_0)
FNDA:4,(anonymous_1)
FNDA:4,(anonymous_2)
FNDA:30,(anonymous_3)
FNDA:4,(anonymous_4)
FNDA:4,(anonymous_5)
DA:8,2
DA:9,4
DA:11,4
DA:13,4
DA:14,4
DA:15,4
DA:17,4
DA:22,4
DA:23,30
DA:24,0
DA:28,4
DA:29,4
DA:30,4
DA:31,4
DA:36,4
DA:59,2
LF:16
LH:15
BRDA:14,0,0,4
BRDA:14,0,1,0
BRDA:23,1,0,0
BRDA:23,1,1,30
BRDA:38,2,0,4
BRDA:38,2,1,4
BRDA:55,3,0,4
BRDA:55,3,1,4
BRF:8
BRH:6
end_of_record
TN:
SF:src\components\Modal\style.module.css
FN:8,(anonymous_0)
FN:15,(anonymous_1)
FNF:2
FNH:1
FNDA:22,(anonymous_0)
FNDA:0,(anonymous_1)
DA:1,2
DA:3,2
DA:4,2
DA:7,2
DA:9,22
DA:10,20
DA:12,2
DA:16,0
DA:20,0
DA:23,0
LF:10
LH:7
BRDA:3,0,0,2
BRDA:3,0,1,0
BRDA:3,1,0,2
BRDA:3,1,1,2
BRDA:9,2,0,20
BRDA:9,2,1,2
BRF:6
BRH:5
end_of_record
TN:
SF:src\components\MultiSelect\MultiSelect.js
FN:7,(anonymous_0)
FN:14,(anonymous_1)
FN:19,handleChangeSelected
FN:22,(anonymous_3)
FN:36,(anonymous_4)
FN:42,(anonymous_5)
FN:51,(anonymous_6)
FNF:7
FNH:2
FNDA:13,(anonymous_0)
FNDA:3,(anonymous_1)
FNDA:0,handleChangeSelected
FNDA:0,(anonymous_3)
FNDA:0,(anonymous_4)
FNDA:0,(anonymous_5)
FNDA:0,(anonymous_6)
DA:7,1
DA:8,13
DA:10,13
DA:11,13
DA:13,13
DA:14,13
DA:15,3
DA:16,3
DA:20,0
DA:22,0
DA:24,0
DA:25,0
DA:28,13
DA:36,0
DA:43,0
DA:52,0
DA:65,1
LF:17
LH:10
BRDA:8,0,0,0
BRDA:11,1,0,13
BRDA:11,1,1,0
BRDA:13,2,0,13
BRDA:13,2,1,0
BRDA:15,3,0,3
BRDA:15,3,1,0
BRDA:16,4,0,3
BRDA:16,4,1,0
BRDA:20,5,0,0
BRDA:20,5,1,0
BRDA:35,6,0,13
BRDA:35,6,1,0
BRDA:35,7,0,13
BRDA:35,7,1,13
BRDA:35,8,0,13
BRDA:35,8,1,0
BRDA:38,9,0,13
BRDA:38,9,1,13
BRDA:41,10,0,13
BRDA:41,10,1,13
BRDA:42,11,0,13
BRDA:42,11,1,0
BRF:23
BRH:13
end_of_record
TN:
SF:src\components\MultiSelect\MultiSelectField.js
FN:6,(anonymous_0)
FN:15,(anonymous_1)
FNF:2
FNH:1
FNDA:13,(anonymous_0)
FNDA:0,(anonymous_1)
DA:6,1
DA:7,13
DA:8,13
DA:10,13
DA:16,0
LF:5
LH:4
BRDA:14,0,0,13
BRDA:14,0,1,0
BRF:2
BRH:1
end_of_record
TN:
SF:src\components\MultiSelect\style.module.css
FN:8,(anonymous_0)
FN:15,(anonymous_1)
FNF:2
FNH:1
FNDA:66,(anonymous_0)
FNDA:0,(anonymous_1)
DA:1,1
DA:3,1
DA:4,1
DA:7,1
DA:9,66
DA:10,65
DA:12,1
DA:16,0
DA:20,0
DA:23,0
LF:10
LH:7
BRDA:3,0,0,1
BRDA:3,0,1,0
BRDA:3,1,0,1
BRDA:3,1,1,1
BRDA:9,2,0,65
BRDA:9,2,1,1
BRF:6
BRH:5
end_of_record
TN:
SF:src\components\Search\Search.js
FN:13,(anonymous_0)
FN:19,(anonymous_1)
FN:25,(anonymous_2)
FN:36,(anonymous_3)
FN:46,(anonymous_4)
FN:53,(anonymous_5)
FNF:6
FNH:3
FNDA:13,(anonymous_0)
FNDA:0,(anonymous_1)
FNDA:0,(anonymous_2)
FNDA:10,(anonymous_3)
FNDA:0,(anonymous_4)
FNDA:3,(anonymous_5)
DA:13,1
DA:14,13
DA:16,13
DA:17,13
DA:19,13
DA:20,0
DA:25,13
DA:26,0
DA:29,13
DA:36,10
DA:46,0
DA:53,1
DA:54,3
DA:59,1
LF:14
LH:11
BRDA:26,0,0,0
BRDA:26,0,1,0
BRDA:26,0,2,0
BRDA:27,1,0,13
BRDA:27,1,1,0
BRF:5
BRH:1
end_of_record
TN:
SF:src\components\Search\style.module.css
FN:8,(anonymous_0)
FN:15,(anonymous_1)
FNF:2
FNH:1
FNDA:14,(anonymous_0)
FNDA:0,(anonymous_1)
DA:1,1
DA:3,1
DA:4,1
DA:7,1
DA:9,14
DA:10,13
DA:12,1
DA:16,0
DA:20,0
DA:23,0
LF:10
LH:7
BRDA:3,0,0,1
BRDA:3,0,1,0
BRDA:3,1,0,1
BRDA:3,1,1,1
BRDA:9,2,0,13
BRDA:9,2,1,1
BRF:6
BRH:5
end_of_record
TN:
SF:src\hooks\useToggle.js
FN:3,(anonymous_0)
FN:6,(anonymous_1)
FNF:2
FNH:2
FNDA:15,(anonymous_0)
FNDA:1,(anonymous_1)
DA:3,2
DA:4,15
DA:6,15
DA:7,1
DA:10,15
LF:5
LH:5
BRF:0
BRH:0
end_of_record
TN:
SF:src\hooks\useUpdateEffect.js
FN:3,useUpdateEffect
FN:6,(anonymous_1)
FNF:2
FNH:2
FNDA:13,useUpdateEffect
FNDA:3,(anonymous_1)
DA:4,13
DA:6,13
DA:7,3
DA:8,3
DA:10,3
LF:5
LH:5
BRDA:7,0,0,0
BRDA:7,0,1,3
BRF:2
BRH:1
end_of_record
TN:
SF:src\main\MovieAdd\MovieAdd.js
FN:19,(anonymous_0)
FN:36,(anonymous_1)
FN:75,(anonymous_2)
FN:77,(anonymous_3)
FN:172,(anonymous_4)
FNF:5
FNH:4
FNDA:3,(anonymous_0)
FNDA:10,(anonymous_1)
FNDA:0,(anonymous_2)
FNDA:13,(anonymous_3)
FNDA:3,(anonymous_4)
DA:19,1
DA:26,3
DA:29,3
DA:37,10
DA:55,3
DA:75,0
DA:78,13
DA:164,1
DA:172,1
DA:173,3
DA:179,1
LF:11
LH:10
BRDA:57,0,0,0
BRDA:57,0,1,3
BRDA:61,1,0,3
BRDA:61,1,1,0
BRDA:64,2,0,3
BRDA:64,2,1,3
BRDA:87,3,0,13
BRDA:87,3,1,0
BRDA:89,4,0,13
BRDA:89,4,1,0
BRDA:89,4,2,0
BRDA:109,5,0,13
BRDA:109,5,1,0
BRDA:111,6,0,13
BRDA:111,6,1,0
BRDA:111,6,2,0
BRDA:121,7,0,13
BRDA:121,7,1,0
BRDA:123,8,0,13
BRDA:123,8,1,0
BRDA:123,8,2,0
BRDA:134,9,0,13
BRDA:134,9,1,0
BRDA:136,10,0,13
BRDA:136,10,1,0
BRDA:136,10,2,0
BRDA:147,11,0,13
BRDA:147,11,1,0
BRDA:149,12,0,13
BRDA:149,12,1,0
BRDA:149,12,2,0
BRF:31
BRH:14
end_of_record
TN:
SF:src\main\MovieAdd\NoticeMovieAdd.js
FN:5,(anonymous_0)
FNF:1
FNH:0
FNDA:0,(anonymous_0)
DA:5,1
DA:6,0
LF:2
LH:1
BRF:0
BRH:0
end_of_record
TN:
SF:src\main\MovieAdd\style.module.css
FN:8,(anonymous_0)
FN:15,(anonymous_1)
FNF:2
FNH:1
FNDA:93,(anonymous_0)
FNDA:0,(anonymous_1)
DA:1,1
DA:3,1
DA:4,1
DA:7,1
DA:9,93
DA:10,91
DA:12,2
DA:16,0
DA:20,0
DA:23,0
LF:10
LH:7
BRDA:3,0,0,1
BRDA:3,0,1,0
BRDA:3,1,0,1
BRDA:3,1,1,1
BRDA:9,2,0,91
BRDA:9,2,1,2
BRF:6
BRH:5
end_of_record
TN:
SF:src\redux\actionTypes.js
FNF:0
FNH:0
DA:1,4
LF:1
LH:1
BRF:0
BRH:0
end_of_record
TN:
SF:src\redux\actions.js
FN:6,(anonymous_0)
FN:7,(anonymous_1)
FN:22,(anonymous_2)
FN:35,(anonymous_3)
FN:42,(anonymous_4)
FN:43,(anonymous_5)
FN:49,(anonymous_6)
FN:55,(anonymous_7)
FN:61,(anonymous_8)
FN:62,(anonymous_9)
FN:68,(anonymous_10)
FN:75,(anonymous_11)
FN:81,(anonymous_12)
FN:82,(anonymous_13)
FN:90,(anonymous_14)
FN:96,(anonymous_15)
FN:102,(anonymous_16)
FN:103,(anonymous_17)
FN:111,(anonymous_18)
FN:117,(anonymous_19)
FN:123,(anonymous_20)
FN:125,(anonymous_21)
FNF:22
FNH:17
FNDA:1,(anonymous_0)
FNDA:1,(anonymous_1)
FNDA:1,(anonymous_2)
FNDA:0,(anonymous_3)
FNDA:1,(anonymous_4)
FNDA:1,(anonymous_5)
FNDA:1,(anonymous_6)
FNDA:0,(anonymous_7)
FNDA:1,(anonymous_8)
FNDA:1,(anonymous_9)
FNDA:1,(anonymous_10)
FNDA:0,(anonymous_11)
FNDA:1,(anonymous_12)
FNDA:1,(anonymous_13)
FNDA:1,(anonymous_14)
FNDA:0,(anonymous_15)
FNDA:1,(anonymous_16)
FNDA:1,(anonymous_17)
FNDA:1,(anonymous_18)
FNDA:0,(anonymous_19)
FNDA:1,(anonymous_20)
FNDA:1,(anonymous_21)
DA:6,3
DA:7,1
DA:8,1
DA:10,1
DA:23,1
DA:33,1
DA:36,0
DA:37,0
DA:42,3
DA:43,1
DA:44,1
DA:50,1
DA:56,0
DA:61,3
DA:62,1
DA:63,1
DA:69,1
DA:73,1
DA:76,0
DA:81,3
DA:82,1
DA:83,1
DA:91,1
DA:97,0
DA:102,3
DA:103,1
DA:104,1
DA:112,1
DA:118,0
DA:123,3
DA:125,3
LF:31
LH:25
BRDA:6,0,0,1
BRDA:15,1,0,0
BRDA:15,1,1,1
BRDA:27,2,0,1
BRDA:27,2,1,1
BRDA:28,3,0,1
BRDA:28,3,1,1
BRF:7
BRH:6
end_of_record
TN:
SF:src\redux\movieReducer.js
FN:33,(anonymous_0)
FN:63,(anonymous_1)
FN:100,(anonymous_2)
FNF:3
FNH:3
FNDA:9,(anonymous_0)
FNDA:1,(anonymous_1)
FNDA:2,(anonymous_2)
DA:3,1
DA:33,1
DA:34,9
DA:37,0
DA:43,1
DA:55,1
DA:61,1
DA:63,1
DA:68,0
DA:74,1
DA:85,0
DA:91,1
DA:97,2
DA:101,2
DA:110,1
DA:116,0
DA:123,0
DA:129,0
DA:135,1
LF:19
LH:13
BRDA:33,0,0,0
BRDA:34,1,0,0
BRDA:34,1,1,1
BRDA:34,1,2,1
BRDA:34,1,3,1
BRDA:34,1,4,0
BRDA:34,1,5,1
BRDA:34,1,6,0
BRDA:34,1,7,1
BRDA:34,1,8,2
BRDA:34,1,9,1
BRDA:34,1,10,0
BRDA:34,1,11,0
BRDA:34,1,12,0
BRDA:34,1,13,1
BRDA:101,2,0,2
BRDA:101,2,1,0
BRF:17
BRH:9
end_of_record
